Flow report for design
Sun Dec 03 15:50:14 2006
Version 5.0 Build 168 06/22/2005 Service Pack 1 SJ Web Edition


---------------------
; Table of Contents ;
---------------------
  1. Legal Notice
  2. Flow Summary
  3. Flow Settings
  4. Flow Elapsed Time
  5. Flow Log



----------------
; Legal Notice ;
----------------
Copyright (C) 1991-2005 Altera Corporation
Your use of Altera Corporation's design tools, logic functions 
and other software and tools, and its AMPP partner logic       
functions, and any output files any of the foregoing           
(including device programming or simulation files), and any    
associated documentation or information are expressly subject  
to the terms and conditions of the Altera Program License      
Subscription Agreement, Altera MegaCore Function License       
Agreement, or other applicable license agreement, including,   
without limitation, that your use is for the sole purpose of   
programming logic devices manufactured by Altera and sold by   
Altera or its authorized distributors.  Please refer to the    
applicable agreement for further details.



+------------------------------------------------------------------------+
; Flow Summary                                                           ;
+-------------------------+----------------------------------------------+
; Flow Status             ; Successful - Sun Dec 03 15:50:14 2006        ;
; Quartus II Version      ; 5.0 Build 168 06/22/2005 SP 1 SJ Web Edition ;
; Revision Name           ; design                                       ;
; Top-level Entity Name   ; design                                       ;
; Family                  ; Cyclone                                      ;
; Device                  ; EP1C12Q240C8                                 ;
; Timing Models           ; Final                                        ;
; Met timing requirements ; Yes                                          ;
; Total logic elements    ; 899 / 12,060 ( 7 % )                         ;
; Total pins              ; 22 / 173 ( 12 % )                            ;
; Total virtual pins      ; 0                                            ;
; Total memory bits       ; 2,304 / 239,616 ( < 1 % )                    ;
; Total PLLs              ; 1 / 2 ( 50 % )                               ;
+-------------------------+----------------------------------------------+


+-----------------------------------------+
; Flow Settings                           ;
+-------------------+---------------------+
; Option            ; Setting             ;
+-------------------+---------------------+
; Start date & time ; 12/03/2006 15:49:17 ;
; Main task         ; Compilation         ;
; Revision Name     ; design              ;
+-------------------+---------------------+


+-------------------------------------+
; Flow Elapsed Time                   ;
+----------------------+--------------+
; Module Name          ; Elapsed Time ;
+----------------------+--------------+
; Analysis & Synthesis ; 00:00:32     ;
; Fitter               ; 00:00:14     ;
; Assembler            ; 00:00:04     ;
; Timing Analyzer      ; 00:00:02     ;
; Total                ; 00:00:52     ;
+----------------------+--------------+


------------
; Flow Log ;
------------
quartus_map --read_settings_files=on --write_settings_files=off design -c design
quartus_fit --read_settings_files=off --write_settings_files=off design -c design
quartus_asm --read_settings_files=off --write_settings_files=off design -c design
quartus_tan --read_settings_files=off --write_settings_files=off design -c design --timing_analysis_only



