Flow report for MIPS
Tue Mar 10 19:59:00 2009
Quartus II Version 7.1 Build 156 04/30/2007 SJ Full Version


---------------------
; Table of Contents ;
---------------------
  1. Legal Notice
  2. Flow Summary
  3. Flow Settings
  4. Flow Non-Default Global Settings
  5. Flow Elapsed Time
  6. Flow Log



----------------
; Legal Notice ;
----------------
Copyright (C) 1991-2007 Altera Corporation
Your use of Altera Corporation's design tools, logic functions 
and other software and tools, and its AMPP partner logic 
functions, and any output files from any of the foregoing 
(including device programming or simulation files), and any 
associated documentation or information are expressly subject 
to the terms and conditions of the Altera Program License 
Subscription Agreement, Altera MegaCore Function License 
Agreement, or other applicable license agreement, including, 
without limitation, that your use is for the sole purpose of 
programming logic devices manufactured by Altera and sold by 
Altera or its authorized distributors.  Please refer to the 
applicable agreement for further details.



+--------------------------------------------------------------------+
; Flow Summary                                                       ;
+-------------------------+------------------------------------------+
; Flow Status             ; Successful - Tue Mar 10 19:59:00 2009    ;
; Quartus II Version      ; 7.1 Build 156 04/30/2007 SJ Full Version ;
; Revision Name           ; MIPS                                     ;
; Top-level Entity Name   ; MIPS                                     ;
; Family                  ; Cyclone                                  ;
; Device                  ; EP1C20F400C6                             ;
; Timing Models           ; Final                                    ;
; Met timing requirements ; Yes                                      ;
; Total logic elements    ; 1,953 / 20,060 ( 10 % )                  ;
; Total pins              ; 276 / 301 ( 92 % )                       ;
; Total virtual pins      ; 0                                        ;
; Total memory bits       ; 16,384 / 294,912 ( 6 % )                 ;
; Total PLLs              ; 0 / 2 ( 0 % )                            ;
+-------------------------+------------------------------------------+


+-----------------------------------------+
; Flow Settings                           ;
+-------------------+---------------------+
; Option            ; Setting             ;
+-------------------+---------------------+
; Start date & time ; 03/10/2009 19:58:27 ;
; Main task         ; Compilation         ;
; Revision Name     ; MIPS                ;
+-------------------+---------------------+


+-------------------------------------------------------------------------------------------------------------------------------+
; Flow Non-Default Global Settings                                                                                              ;
+--------------------------------------------+----------------------+--------------------------------+-------------+------------+
; Assignment Name                            ; Value                ; Default Value                  ; Entity Name ; Section Id ;
+--------------------------------------------+----------------------+--------------------------------+-------------+------------+
; AUTO_ENABLE_SMART_COMPILE                  ; On                   ; --                             ; --          ; --         ;
; ENABLE_SIGNALTAP                           ; Off                  ; --                             ; --          ; --         ;
; FITTER_EFFORT                              ; Fast Fit             ; Auto Fit                       ; --          ; --         ;
; FIT_ONLY_ONE_ATTEMPT                       ; On                   ; Off                            ; --          ; --         ;
; FLOW_DISABLE_ASSEMBLER                     ; On                   ; Off                            ; --          ; --         ;
; OPTIMIZE_HOLD_TIMING                       ; Off                  ; IO Paths and Minimum TPD Paths ; --          ; --         ;
; OPTIMIZE_IOC_REGISTER_PLACEMENT_FOR_TIMING ; Off                  ; On                             ; --          ; --         ;
; OPTIMIZE_TIMING                            ; Off                  ; Normal compilation             ; --          ; --         ;
; POWER_INPUT_SAF_NAME                       ; MIPS.saf             ; --                             ; --          ; --         ;
; POWER_USE_INPUT_FILE                       ; Signal Activity File ; No File                        ; --          ; --         ;
; SMART_RECOMPILE                            ; On                   ; Off                            ; --          ; --         ;
+--------------------------------------------+----------------------+--------------------------------+-------------+------------+


+----------------------------------------+
; Flow Elapsed Time                      ;
+-------------------------+--------------+
; Module Name             ; Elapsed Time ;
+-------------------------+--------------+
; Analysis & Synthesis    ; 00:00:14     ;
; Fitter                  ; 00:00:10     ;
; Classic Timing Analyzer ; 00:00:06     ;
; Total                   ; 00:00:30     ;
+-------------------------+--------------+


------------
; Flow Log ;
------------
quartus_map --read_settings_files=on --write_settings_files=off MIPS -c MIPS
quartus_fit --read_settings_files=off --write_settings_files=off MIPS -c MIPS
quartus_tan --read_settings_files=off --write_settings_files=off MIPS -c MIPS



